<?xml version="1.0" encoding="UTF-8"?>
<testsuite xmlns:xsi="http://www.w3.org/2001/XMLSchema-instance" xsi:noNamespaceSchemaLocation="https://maven.apache.org/surefire/maven-surefire-plugin/xsd/surefire-test-report-3.0.xsd" version="3.0" name="com.internship.test.person.TestApplicationTests" time="5.367" tests="1" errors="0" skipped="0" failures="0">
  <properties>
[...]
</properties>
  <testcase name="contextLoads" classname="com.internship.test.person.TestApplicationTests" time="0.01">
    <system-out><![CDATA[2022-07-30 20:17:36.312  INFO 6992 --- [           main] .b.t.c.SpringBootTestContextBootstrapper : Neither @ContextConfiguration nor @ContextHierarchy found for test class [com.internship.test.person.TestApplicationTests], using SpringBootContextLoader
2022-07-30 20:17:36.313  INFO 6992 --- [           main] o.s.t.c.support.AbstractContextLoader    : Could not detect default resource locations for test class [com.internship.test.person.TestApplicationTests]: no resource found for suffixes {-context.xml, Context.groovy}.
2022-07-30 20:17:36.314  INFO 6992 --- [           main] t.c.s.AnnotationConfigContextLoaderUtils : Could not detect default configuration classes for test class [com.internship.test.person.TestApplicationTests]: TestApplicationTests does not declare any static, non-private, non-final, nested classes annotated with @Configuration.
2022-07-30 20:17:36.336  INFO 6992 --- [           main] .b.t.c.SpringBootTestContextBootstrapper : Found @SpringBootConfiguration com.internship.test.person.TestApplication for test class com.internship.test.person.TestApplicationTests
2022-07-30 20:17:36.346  INFO 6992 --- [           main] .b.t.c.SpringBootTestContextBootstrapper : Loaded default TestExecutionListener class names from location [META-INF/spring.factories]: [org.springframework.boot.test.mock.mockito.MockitoTestExecutionListener, org.springframework.boot.test.mock.mockito.ResetMocksTestExecutionListener, org.springframework.boot.test.autoconfigure.restdocs.RestDocsTestExecutionListener, org.springframework.boot.test.autoconfigure.web.client.MockRestServiceServerResetTestExecutionListener, org.springframework.boot.test.autoconfigure.web.servlet.MockMvcPrintOnlyOnFailureTestExecutionListener, org.springframework.boot.test.autoconfigure.web.servlet.WebDriverTestExecutionListener, org.springframework.boot.test.autoconfigure.webservices.client.MockWebServiceServerTestExecutionListener, org.springframework.test.context.web.ServletTestExecutionListener, org.springframework.test.context.support.DirtiesContextBeforeModesTestExecutionListener, org.springframework.test.context.event.ApplicationEventsTestExecutionListener, org.springframework.test.context.support.DependencyInjectionTestExecutionListener, org.springframework.test.context.support.DirtiesContextTestExecutionListener, org.springframework.test.context.transaction.TransactionalTestExecutionListener, org.springframework.test.context.jdbc.SqlScriptsTestExecutionListener, org.springframework.test.context.event.EventPublishingTestExecutionListener]
2022-07-30 20:17:36.347  INFO 6992 --- [           main] .b.t.c.SpringBootTestContextBootstrapper : Using TestExecutionListeners: [org.springframework.test.context.web.ServletTestExecutionListener@6fef75c6, org.springframework.test.context.support.DirtiesContextBeforeModesTestExecutionListener@5f61e002, org.springframework.test.context.event.ApplicationEventsTestExecutionListener@334540a0, org.springframework.boot.test.mock.mockito.MockitoTestExecutionListener@1f179f51, org.springframework.boot.test.autoconfigure.SpringBootDependencyInjectionTestExecutionListener@b428830, org.springframework.test.context.support.DirtiesContextTestExecutionListener@5b7308aa, org.springframework.test.context.transaction.TransactionalTestExecutionListener@42aa1324, org.springframework.test.context.jdbc.SqlScriptsTestExecutionListener@6164e137, org.springframework.test.context.event.EventPublishingTestExecutionListener@7ef8e623, org.springframework.boot.test.mock.mockito.ResetMocksTestExecutionListener@3d8d970e, org.springframework.boot.test.autoconfigure.restdocs.RestDocsTestExecutionListener@2fac80a8, org.springframework.boot.test.autoconfigure.web.client.MockRestServiceServerResetTestExecutionListener@6987a133, org.springframework.boot.test.autoconfigure.web.servlet.MockMvcPrintOnlyOnFailureTestExecutionListener@50778bde, org.springframework.boot.test.autoconfigure.web.servlet.WebDriverTestExecutionListener@1934339, org.springframework.boot.test.autoconfigure.webservices.client.MockWebServiceServerTestExecutionListener@4af12a63]

  .   ____          _            __ _ _
 /\\ / ___'_ __ _ _(_)_ __  __ _ \ \ \ \
( ( )\___ | '_ | '_| | '_ \/ _` | \ \ \ \
 \\/  ___)| |_)| | | | | || (_| |  ) ) ) )
  '  |____| .__|_| |_|_| |_\__, | / / / /
 =========|_|==============|___/=/_/_/_/
 :: Spring Boot ::                (v2.7.2)

2022-07-30 20:17:36.414  INFO 6992 --- [           main] c.i.test.person.TestApplicationTests     : Starting TestApplicationTests using Java 18.0.1 on DESKTOP-6PEK4JN with PID 6992 (started by astig in C:\Users\astig\OneDrive\Bureau\test\test)
2022-07-30 20:17:36.415  INFO 6992 --- [           main] c.i.test.person.TestApplicationTests     : No active profile set, falling back to 1 default profile: "default"
2022-07-30 20:17:37.553  INFO 6992 --- [           main] .s.d.r.c.RepositoryConfigurationDelegate : Bootstrapping Spring Data Neo4j repositories in DEFAULT mode.
2022-07-30 20:17:37.766  INFO 6992 --- [           main] .s.d.r.c.RepositoryConfigurationDelegate : Finished Spring Data repository scanning in 191 ms. Found 1 Neo4j repository interfaces.
2022-07-30 20:17:39.295  INFO 6992 --- [           main] org.neo4j.driver.internal.DriverFactory  : Direct driver instance 708968858 created for server address localhost:7687
2022-07-30 20:17:41.660  INFO 6992 --- [           main] c.i.test.person.TestApplicationTests     : Started TestApplicationTests in 5.31 seconds (JVM running for 29.656)
]]></system-out>
  </testcase>
</testsuite>